  Assignment 1.cpp
C:\Users\user\OneDrive - 元智大學\文件\上課文件\二上\資傑\Assignment 1\xhash - Student ID - hw1.h(48,26): warning C4018: '<': signed/unsigned 不相符
C:\Users\user\OneDrive - 元智大學\文件\上課文件\二上\資傑\Assignment 1\xhash - Student ID - hw1.h(42): message : 編譯 類別 樣板 成員函式 'void HashVec<std::_List_const_iterator<std::_List_val<std::_List_simple_types<_Ty>>>>::assignGrow(const HashVec<std::_List_const_iterator<std::_List_val<std::_List_simple_types<_Ty>>>>::size_type,const std::_List_const_iterator<std::_List_val<std::_List_simple_types<_Ty>>>)' 期間
          with
          [
              _Ty=__int64
          ]
C:\Users\user\OneDrive - 元智大學\文件\上課文件\二上\資傑\Assignment 1\xhash - Student ID - hw1.h(148): message : 請參考正在進行編譯的函式 樣板 具現化 'void HashVec<std::_List_const_iterator<std::_List_val<std::_List_simple_types<_Ty>>>>::assignGrow(const HashVec<std::_List_const_iterator<std::_List_val<std::_List_simple_types<_Ty>>>>::size_type,const std::_List_const_iterator<std::_List_val<std::_List_simple_types<_Ty>>>)'
          with
          [
              _Ty=__int64
          ]
C:\Users\user\OneDrive - 元智大學\文件\上課文件\二上\資傑\Assignment 1\xhash - Student ID - hw1.h(253): message : 請參考正在進行編譯的 類別 樣板 具現化 'HashVec<std::_List_const_iterator<std::_List_val<std::_List_simple_types<_Ty>>>>'
          with
          [
              _Ty=__int64
          ]
C:\Users\user\OneDrive - 元智大學\文件\上課文件\二上\資傑\Assignment 1\unordered_set.h(28): message : 請參考正在進行編譯的 類別 樣板 具現化 'Hash<UsetTraits<Kty,Hasher>>'
          with
          [
              Kty=__int64,
              Hasher=hash<__int64>
          ]
C:\Users\user\OneDrive - 元智大學\文件\上課文件\二上\資傑\Assignment 1\Assignment 1.cpp(74): message : 請參考正在進行編譯的 類別 樣板 具現化 'unordered_set<__int64,hash<Kty>>'
          with
          [
              Kty=__int64
          ]
C:\Users\user\OneDrive - 元智大學\文件\上課文件\二上\資傑\Assignment 1\Assignment 1.cpp(44): message : 請參考正在進行編譯的函式 樣板 具現化 'void testUnorderedSet1<__int64>(size_t)'
C:\Users\user\OneDrive - 元智大學\文件\上課文件\二上\資傑\Assignment 1\Assignment 1.cpp(37): message : 請參考正在進行編譯的函式 樣板 具現化 'void testUnorderedSet<__int64>(void)'
  ezhw.vcxproj -> C:\Users\user\OneDrive - 元智大學\文件\上課文件\二上\資傑\Assignment 1\ezhw\Debug\ezhw.exe
